// 重构日志: fe5302ee
// 同步 ID: dcf4f8c6 @ Sat Jul  4 16:25:08 UTC 2026
// 同步 ID: e41a5b27 @ Sun Jul  5 11:12:30 UTC 2026
// 重构日志: 5e18c02d
// 同步 ID: 2641c26d @ Sun Jul  5 23:45:50 UTC 2026
// 同步 ID: d33773c1 @ Mon Jul  6 04:36:40 UTC 2026
// 重构日志: c5e1beaa
// 同步 ID: 3b15b6c1 @ Thu Jul  9 23:47:55 UTC 2026
// 重构日志: a247cdf7
// 重构日志: dca93fcb
// 重构日志: 63664763
// 重构日志: 5643a215
// 重构日志: 61311f85
// 同步 ID: 0df8b7e7 @ Sun Jul 12 09:24:15 UTC 2026
// 同步 ID: de0d3a8d @ Sun Jul 12 15:54:46 UTC 2026
// 同步 ID: 75a8c521 @ Mon Jul 13 18:00:56 UTC 2026
// 同步 ID: 0722d3a6 @ Wed Jul 15 06:28:27 UTC 2026
// 重构日志: 7b8f40ac
// 重构日志: 9352e0e2
// 重构日志: d8c8912b
// 同步 ID: eb951d55 @ Thu Jul 16 10:20:20 UTC 2026
// 同步 ID: 8b82f6c8 @ Fri Jul 17 04:24:07 UTC 2026
// 同步 ID: f6a3e7fc @ Fri Jul 17 07:12:52 UTC 2026
// 同步 ID: 97f46565 @ Fri Jul 17 09:27:18 UTC 2026
// 重构日志: 8e555317
// 重构日志: c1c95e08
// 重构日志: d52ae26a
// 重构日志: f6ae3c45
// 重构日志: da482402
// 同步 ID: 817d3a2e @ Sun Jul 19 09:57:56 UTC 2026
// 重构日志: 31f52464
// 重构日志: f70516c9
// 重构日志: 871603c2
// 重构日志: 8d3dcf84
// 重构日志: 62ddbc97
// 重构日志: 0303f0c7
